<?xml version="1.0" encoding="UTF-8"?>
<testng-results ignored="0" total="1" passed="1" failed="0" skipped="0">
  <reporter-output>
  </reporter-output>
  <suite started-at="2020-05-09T00:45:58 IST" name="Default suite" finished-at="2020-05-09T00:47:05 IST" duration-ms="66426">
    <groups>
    </groups>
    <test started-at="2020-05-09T00:45:58 IST" name="Default test" finished-at="2020-05-09T00:47:05 IST" duration-ms="66426">
      <class name="pages.Edureka_sikuli_fileupload">
        <test-method signature="TC_Edureka_sikuli_fileupload()[pri:0, instance:pages.Edureka_sikuli_fileupload@43bc63a3]" started-at="2020-05-09T00:45:58 IST" name="TC_Edureka_sikuli_fileupload" finished-at="2020-05-09T00:47:05 IST" duration-ms="66322" status="PASS">
          <reporter-output>
          </reporter-output>
        </test-method> <!-- TC_Edureka_sikuli_fileupload -->
      </class> <!-- pages.Edureka_sikuli_fileupload -->
    </test> <!-- Default test -->
  </suite> <!-- Default suite -->
</testng-results>
